<?xml version="1.0" encoding="UTF-8"?><testsuite errors="2" failures="0" name="Login to Appointment" skipped="0" tests="2" time="21.58" timestamp="2023-03-24 05:04:09"><testcase name="Add data"><error type="java.lang.NullPointerException"/><system-err>null&#13;
Locators.LoginLocators.selectTimeZone(LoginLocators.java:44)&#13;
Locators.locatorFun.All_field(locatorFun.java:67)&#13;
StepDef.LoginStepDef.fillAllRequireField(LoginStepDef.java:47)&#13;
io.cucumber.java.Invoker.doInvoke(Invoker.java:66)&#13;
io.cucumber.java.Invoker.invoke(Invoker.java:24)&#13;
io.cucumber.java.AbstractGlueDefinition.invokeMethod(AbstractGlueDefinition.java:47)&#13;
io.cucumber.java.JavaStepDefinition.execute(JavaStepDefinition.java:29)&#13;
io.cucumber.core.runner.CoreStepDefinition.execute(CoreStepDefinition.java:66)&#13;
io.cucumber.core.runner.PickleStepDefinitionMatch.runStep(PickleStepDefinitionMatch.java:63)&#13;
io.cucumber.core.runner.TestStep.executeStep(TestStep.java:84)&#13;
io.cucumber.core.runner.TestStep.run(TestStep.java:56)&#13;
io.cucumber.core.runner.PickleStepTestStep.run(PickleStepTestStep.java:51)&#13;
io.cucumber.core.runner.TestCase.run(TestCase.java:84)&#13;
io.cucumber.core.runner.Runner.runPickle(Runner.java:75)&#13;
io.cucumber.core.runtime.CucumberExecutionContext.lambda$runTestCase$5(CucumberExecutionContext.java:130)&#13;
io.cucumber.core.runtime.RethrowingThrowableCollector.executeAndThrow(RethrowingThrowableCollector.java:23)&#13;
io.cucumber.core.runtime.CucumberExecutionContext.runTestCase(CucumberExecutionContext.java:130)&#13;
io.cucumber.junit.FeatureRunner.runChild(FeatureRunner.java:144)&#13;
io.cucumber.junit.FeatureRunner.runChild(FeatureRunner.java:28)&#13;
io.cucumber.junit.FeatureRunner.run(FeatureRunner.java:137)&#13;
io.cucumber.junit.CucumberSerenityRunner.runChild(CucumberSerenityRunner.java:259)&#13;
io.cucumber.junit.CucumberSerenityRunner.runChild(CucumberSerenityRunner.java:59)&#13;
</system-err></testcase><testcase name="Login Page"><error type="java.lang.NullPointerException"/><system-err>null&#13;
Locators.LoginLocators.selectTimeZone(LoginLocators.java:44)&#13;
Locators.locatorFun.All_field(locatorFun.java:67)&#13;
StepDef.LoginStepDef.fillAllRequireField(LoginStepDef.java:47)&#13;
✽.Fill All require field(file:///C:/Users/Rohit.Chavda/Downloads/Easy%20appointment/Appointment/src/test/resources/Feature/Login.feature:11)&#13;
</system-err></testcase></testsuite>